<?xml version="1.0" encoding="UTF-8"?>
<testsuite name="BasicsTest" tests="5" skipped="0" failures="0" errors="0" timestamp="2022-10-07T20:30:03" hostname="JOANDNIGHT" time="0.111">
  <properties/>
  <testcase name="testTask1" classname="BasicsTest" time="0.026"/>
  <testcase name="testTask2" classname="BasicsTest" time="0.027"/>
  <testcase name="testTask3" classname="BasicsTest" time="0.02"/>
  <testcase name="testTask4" classname="BasicsTest" time="0.012"/>
  <testcase name="testTask5" classname="BasicsTest" time="0.025"/>
  <system-out><![CDATA[]]></system-out>
  <system-err><![CDATA[]]></system-err>
</testsuite>
